  [1m[35m (475.1ms)[0m  [1m[35mCREATE DATABASE "tunr_app_api_development" ENCODING = 'unicode'[0m
  [1m[35m (347.5ms)[0m  [1m[35mCREATE DATABASE "tunr_app_api_test" ENCODING = 'unicode'[0m
  [1m[35m (12.7ms)[0m  [1m[35mCREATE TABLE "schema_migrations" ("version" character varying NOT NULL PRIMARY KEY)[0m
  [1m[35m (4.7ms)[0m  [1m[35mCREATE TABLE "ar_internal_metadata" ("key" character varying NOT NULL PRIMARY KEY, "value" character varying, "created_at" timestamp(6) NOT NULL, "updated_at" timestamp(6) NOT NULL)[0m
  [1m[35m (0.1ms)[0m  [1m[34mSELECT pg_try_advisory_lock(1874975070089793210)[0m
  [1m[35m (0.5ms)[0m  [1m[34mSELECT "schema_migrations"."version" FROM "schema_migrations" ORDER BY "schema_migrations"."version" ASC[0m
Migrating to CreateSongs (20201116154900)
  [1m[35m (0.1ms)[0m  [1m[35mBEGIN[0m
  [1m[35m (6.3ms)[0m  [1m[35mCREATE TABLE "songs" ("id" bigserial primary key, "name" character varying, "artist" character varying, "length" character varying, "created_at" timestamp(6) NOT NULL, "updated_at" timestamp(6) NOT NULL)[0m
  [1m[36mprimary::SchemaMigration Create (0.5ms)[0m  [1m[32mINSERT INTO "schema_migrations" ("version") VALUES ($1) RETURNING "version"[0m  [["version", "20201116154900"]]
  [1m[35m (0.6ms)[0m  [1m[35mCOMMIT[0m
  [1m[36mActiveRecord::InternalMetadata Load (0.5ms)[0m  [1m[34mSELECT "ar_internal_metadata".* FROM "ar_internal_metadata" WHERE "ar_internal_metadata"."key" = $1 LIMIT $2[0m  [["key", "environment"], ["LIMIT", 1]]
  [1m[35m (0.1ms)[0m  [1m[35mBEGIN[0m
  [1m[36mActiveRecord::InternalMetadata Create (0.9ms)[0m  [1m[32mINSERT INTO "ar_internal_metadata" ("key", "value", "created_at", "updated_at") VALUES ($1, $2, $3, $4) RETURNING "key"[0m  [["key", "environment"], ["value", "development"], ["created_at", "2020-11-16 16:11:05.878448"], ["updated_at", "2020-11-16 16:11:05.878448"]]
  [1m[35m (0.1ms)[0m  [1m[35mCOMMIT[0m
  [1m[35m (0.2ms)[0m  [1m[34mSELECT pg_advisory_unlock(1874975070089793210)[0m
  [1m[35m (0.8ms)[0m  [1m[34mSELECT "schema_migrations"."version" FROM "schema_migrations" ORDER BY "schema_migrations"."version" ASC[0m
  [1m[35m (0.9ms)[0m  [1m[34mSELECT "schema_migrations"."version" FROM "schema_migrations" ORDER BY "schema_migrations"."version" ASC[0m
  [1m[35m (0.9ms)[0m  [1m[34mSELECT "schema_migrations"."version" FROM "schema_migrations" ORDER BY "schema_migrations"."version" ASC[0m
  [1m[35m (0.8ms)[0m  [1m[34mSELECT "schema_migrations"."version" FROM "schema_migrations" ORDER BY "schema_migrations"."version" ASC[0m
  [1m[35m (0.1ms)[0m  [1m[34mSELECT pg_try_advisory_lock(1874975070089793210)[0m
  [1m[35m (0.8ms)[0m  [1m[34mSELECT "schema_migrations"."version" FROM "schema_migrations" ORDER BY "schema_migrations"."version" ASC[0m
  [1m[36mActiveRecord::InternalMetadata Load (0.7ms)[0m  [1m[34mSELECT "ar_internal_metadata".* FROM "ar_internal_metadata" WHERE "ar_internal_metadata"."key" = $1 LIMIT $2[0m  [["key", "environment"], ["LIMIT", 1]]
  [1m[35m (0.2ms)[0m  [1m[34mSELECT pg_advisory_unlock(1874975070089793210)[0m
  [1m[35m (0.7ms)[0m  [1m[34mSELECT "schema_migrations"."version" FROM "schema_migrations" ORDER BY "schema_migrations"."version" ASC[0m
  [1m[35m (0.7ms)[0m  [1m[34mSELECT "schema_migrations"."version" FROM "schema_migrations" ORDER BY "schema_migrations"."version" ASC[0m
  [1m[35m (0.8ms)[0m  [1m[34mSELECT "schema_migrations"."version" FROM "schema_migrations" ORDER BY "schema_migrations"."version" ASC[0m
  [1m[35m (0.1ms)[0m  [1m[35mBEGIN[0m
  [1m[36mSong Create (0.9ms)[0m  [1m[32mINSERT INTO "songs" ("name", "artist", "length", "created_at", "updated_at") VALUES ($1, $2, $3, $4, $5) RETURNING "id"[0m  [["name", "Blank Space"], ["artist", "Taylor Swift"], ["length", "3:51"], ["created_at", "2020-11-16 16:27:42.074727"], ["updated_at", "2020-11-16 16:27:42.074727"]]
  [1m[35m (0.5ms)[0m  [1m[35mCOMMIT[0m
  [1m[35m (0.1ms)[0m  [1m[35mBEGIN[0m
  [1m[36mSong Create (0.1ms)[0m  [1m[32mINSERT INTO "songs" ("name", "artist", "length", "created_at", "updated_at") VALUES ($1, $2, $3, $4, $5) RETURNING "id"[0m  [["name", "Style"], ["artist", "Taylor Swift"], ["length", "3:51"], ["created_at", "2020-11-16 16:27:42.078369"], ["updated_at", "2020-11-16 16:27:42.078369"]]
  [1m[35m (0.2ms)[0m  [1m[35mCOMMIT[0m
  [1m[35m (0.1ms)[0m  [1m[35mBEGIN[0m
  [1m[36mSong Create (0.1ms)[0m  [1m[32mINSERT INTO "songs" ("name", "artist", "length", "created_at", "updated_at") VALUES ($1, $2, $3, $4, $5) RETURNING "id"[0m  [["name", "Shake It Off"], ["artist", "Taylor Swift"], ["length", "3:39"], ["created_at", "2020-11-16 16:27:42.080627"], ["updated_at", "2020-11-16 16:27:42.080627"]]
  [1m[35m (0.2ms)[0m  [1m[35mCOMMIT[0m
  [1m[35m (0.1ms)[0m  [1m[35mBEGIN[0m
  [1m[36mSong Create (0.1ms)[0m  [1m[32mINSERT INTO "songs" ("name", "artist", "length", "created_at", "updated_at") VALUES ($1, $2, $3, $4, $5) RETURNING "id"[0m  [["name", "Bad Blood"], ["artist", "Taylor Swift"], ["length", "3:31"], ["created_at", "2020-11-16 16:27:42.082919"], ["updated_at", "2020-11-16 16:27:42.082919"]]
  [1m[35m (0.1ms)[0m  [1m[35mCOMMIT[0m
  [1m[35m (0.1ms)[0m  [1m[35mBEGIN[0m
  [1m[36mSong Create (0.2ms)[0m  [1m[32mINSERT INTO "songs" ("name", "artist", "length", "created_at", "updated_at") VALUES ($1, $2, $3, $4, $5) RETURNING "id"[0m  [["name", "I Wish You Would"], ["artist", "Taylor Swift"], ["length", "3:27"], ["created_at", "2020-11-16 16:27:42.085272"], ["updated_at", "2020-11-16 16:27:42.085272"]]
  [1m[35m (0.1ms)[0m  [1m[35mCOMMIT[0m
Started GET "/" for ::1 at 2020-11-16 08:28:36 -0800
  [1m[35m (0.8ms)[0m  [1m[34mSELECT "schema_migrations"."version" FROM "schema_migrations" ORDER BY "schema_migrations"."version" ASC[0m
Processing by Rails::WelcomeController#index as HTML
  Rendering C:/Ruby27-x64/lib/ruby/gems/2.7.0/gems/railties-6.0.3.4/lib/rails/templates/rails/welcome/index.html.erb
  Rendered C:/Ruby27-x64/lib/ruby/gems/2.7.0/gems/railties-6.0.3.4/lib/rails/templates/rails/welcome/index.html.erb (Duration: 27.8ms | Allocations: 426)
Completed 200 OK in 90ms (Views: 60.1ms | ActiveRecord: 0.0ms | Allocations: 2397)


Started GET "/favicon.ico" for ::1 at 2020-11-16 08:28:36 -0800
  
ActionController::RoutingError (No route matches [GET] "/favicon.ico"):
  
actionpack (6.0.3.4) lib/action_dispatch/middleware/debug_exceptions.rb:36:in `call'
actionpack (6.0.3.4) lib/action_dispatch/middleware/show_exceptions.rb:33:in `call'
railties (6.0.3.4) lib/rails/rack/logger.rb:37:in `call_app'
railties (6.0.3.4) lib/rails/rack/logger.rb:26:in `block in call'
activesupport (6.0.3.4) lib/active_support/tagged_logging.rb:80:in `block in tagged'
activesupport (6.0.3.4) lib/active_support/tagged_logging.rb:28:in `tagged'
activesupport (6.0.3.4) lib/active_support/tagged_logging.rb:80:in `tagged'
railties (6.0.3.4) lib/rails/rack/logger.rb:26:in `call'
actionpack (6.0.3.4) lib/action_dispatch/middleware/remote_ip.rb:81:in `call'
actionpack (6.0.3.4) lib/action_dispatch/middleware/request_id.rb:27:in `call'
rack (2.2.3) lib/rack/runtime.rb:22:in `call'
activesupport (6.0.3.4) lib/active_support/cache/strategy/local_cache_middleware.rb:29:in `call'
actionpack (6.0.3.4) lib/action_dispatch/middleware/executor.rb:14:in `call'
actionpack (6.0.3.4) lib/action_dispatch/middleware/static.rb:126:in `call'
rack (2.2.3) lib/rack/sendfile.rb:110:in `call'
actionpack (6.0.3.4) lib/action_dispatch/middleware/host_authorization.rb:82:in `call'
railties (6.0.3.4) lib/rails/engine.rb:527:in `call'
puma (4.3.6) lib/puma/configuration.rb:228:in `call'
puma (4.3.6) lib/puma/server.rb:713:in `handle_request'
puma (4.3.6) lib/puma/server.rb:472:in `process_client'
puma (4.3.6) lib/puma/server.rb:328:in `block in run'
puma (4.3.6) lib/puma/thread_pool.rb:134:in `block in spawn_thread'
Started GET "/songs" for ::1 at 2020-11-16 08:28:50 -0800
Processing by SongsController#index as HTML
  [1m[36mSong Load (0.9ms)[0m  [1m[34mSELECT "songs".* FROM "songs"[0m
  ↳ app/controllers/songs_controller.rb:8:in `index'
Completed 200 OK in 12ms (Views: 6.0ms | ActiveRecord: 4.9ms | Allocations: 5455)


Started GET "/songs" for ::1 at 2020-11-16 08:31:09 -0800
  [1m[35m (0.8ms)[0m  [1m[34mSELECT "schema_migrations"."version" FROM "schema_migrations" ORDER BY "schema_migrations"."version" ASC[0m
Processing by SongsController#index as */*
  [1m[36mSong Load (0.9ms)[0m  [1m[34mSELECT "songs".* FROM "songs"[0m
  ↳ app/controllers/songs_controller.rb:8:in `index'
Completed 200 OK in 14ms (Views: 8.6ms | ActiveRecord: 4.6ms | Allocations: 5377)


Started GET "/songs" for ::1 at 2020-11-16 08:33:13 -0800
Processing by SongsController#index as */*
  [1m[36mSong Load (0.2ms)[0m  [1m[34mSELECT "songs".* FROM "songs"[0m
  ↳ app/controllers/songs_controller.rb:8:in `index'
Completed 200 OK in 3ms (Views: 2.5ms | ActiveRecord: 0.2ms | Allocations: 1506)


Started POST "/songs" for ::1 at 2020-11-16 08:37:26 -0800
Processing by SongsController#create as */*
  Parameters: {"name"=>"Welcome to New York", "artist"=>"Taylor Swift", "length"=>"3:32", "song"=>{"name"=>"Welcome to New York", "artist"=>"Taylor Swift", "length"=>"3:32"}}
  [1m[35m (0.1ms)[0m  [1m[35mBEGIN[0m
  ↳ app/controllers/songs_controller.rb:20:in `create'
  [1m[36mSong Create (0.4ms)[0m  [1m[32mINSERT INTO "songs" ("name", "artist", "length", "created_at", "updated_at") VALUES ($1, $2, $3, $4, $5) RETURNING "id"[0m  [["name", "Welcome to New York"], ["artist", "Taylor Swift"], ["length", "3:32"], ["created_at", "2020-11-16 16:37:26.402760"], ["updated_at", "2020-11-16 16:37:26.402760"]]
  ↳ app/controllers/songs_controller.rb:20:in `create'
  [1m[35m (0.6ms)[0m  [1m[35mCOMMIT[0m
  ↳ app/controllers/songs_controller.rb:20:in `create'
Completed 201 Created in 6ms (Views: 0.5ms | ActiveRecord: 1.1ms | Allocations: 2839)


Started GET "/songs" for ::1 at 2020-11-16 08:37:30 -0800
Processing by SongsController#index as */*
  Parameters: {"name"=>"Welcome to New York", "artist"=>"Taylor Swift", "length"=>"3:32", "song"=>{"name"=>"Welcome to New York", "artist"=>"Taylor Swift", "length"=>"3:32"}}
  [1m[36mSong Load (0.2ms)[0m  [1m[34mSELECT "songs".* FROM "songs"[0m
  ↳ app/controllers/songs_controller.rb:8:in `index'
Completed 200 OK in 3ms (Views: 2.4ms | ActiveRecord: 0.2ms | Allocations: 1618)


Started PUT "/songs" for ::1 at 2020-11-16 08:37:43 -0800
  
ActionController::RoutingError (No route matches [PUT] "/songs"):
  
actionpack (6.0.3.4) lib/action_dispatch/middleware/debug_exceptions.rb:36:in `call'
actionpack (6.0.3.4) lib/action_dispatch/middleware/show_exceptions.rb:33:in `call'
railties (6.0.3.4) lib/rails/rack/logger.rb:37:in `call_app'
railties (6.0.3.4) lib/rails/rack/logger.rb:26:in `block in call'
activesupport (6.0.3.4) lib/active_support/tagged_logging.rb:80:in `block in tagged'
activesupport (6.0.3.4) lib/active_support/tagged_logging.rb:28:in `tagged'
activesupport (6.0.3.4) lib/active_support/tagged_logging.rb:80:in `tagged'
railties (6.0.3.4) lib/rails/rack/logger.rb:26:in `call'
actionpack (6.0.3.4) lib/action_dispatch/middleware/remote_ip.rb:81:in `call'
actionpack (6.0.3.4) lib/action_dispatch/middleware/request_id.rb:27:in `call'
rack (2.2.3) lib/rack/runtime.rb:22:in `call'
activesupport (6.0.3.4) lib/active_support/cache/strategy/local_cache_middleware.rb:29:in `call'
actionpack (6.0.3.4) lib/action_dispatch/middleware/executor.rb:14:in `call'
actionpack (6.0.3.4) lib/action_dispatch/middleware/static.rb:126:in `call'
rack (2.2.3) lib/rack/sendfile.rb:110:in `call'
actionpack (6.0.3.4) lib/action_dispatch/middleware/host_authorization.rb:82:in `call'
railties (6.0.3.4) lib/rails/engine.rb:527:in `call'
puma (4.3.6) lib/puma/configuration.rb:228:in `call'
puma (4.3.6) lib/puma/server.rb:713:in `handle_request'
puma (4.3.6) lib/puma/server.rb:472:in `process_client'
puma (4.3.6) lib/puma/server.rb:328:in `block in run'
puma (4.3.6) lib/puma/thread_pool.rb:134:in `block in spawn_thread'
Started GET "/songs/" for ::1 at 2020-11-16 08:37:58 -0800
Processing by SongsController#index as */*
  Parameters: {"name"=>"Welcome to New York", "artist"=>"Taylor Swift", "length"=>"3:30", "song"=>{"name"=>"Welcome to New York", "artist"=>"Taylor Swift", "length"=>"3:30"}}
  [1m[36mSong Load (0.4ms)[0m  [1m[34mSELECT "songs".* FROM "songs"[0m
  ↳ app/controllers/songs_controller.rb:8:in `index'
Completed 200 OK in 4ms (Views: 3.5ms | ActiveRecord: 0.4ms | Allocations: 1617)


Started PUT "/songs/6" for ::1 at 2020-11-16 08:38:11 -0800
Processing by SongsController#update as */*
  Parameters: {"name"=>"Welcome to New York", "artist"=>"Taylor Swift", "length"=>"3:30", "id"=>"6", "song"=>{"name"=>"Welcome to New York", "artist"=>"Taylor Swift", "length"=>"3:30"}}
  [1m[36mSong Load (0.2ms)[0m  [1m[34mSELECT "songs".* FROM "songs" WHERE "songs"."id" = $1 LIMIT $2[0m  [["id", 6], ["LIMIT", 1]]
  ↳ app/controllers/songs_controller.rb:44:in `set_song'
  [1m[35m (0.1ms)[0m  [1m[35mBEGIN[0m
  ↳ app/controllers/songs_controller.rb:29:in `update'
  [1m[36mSong Update (0.2ms)[0m  [1m[33mUPDATE "songs" SET "length" = $1, "updated_at" = $2 WHERE "songs"."id" = $3[0m  [["length", "3:30"], ["updated_at", "2020-11-16 16:38:11.998453"], ["id", 6]]
  ↳ app/controllers/songs_controller.rb:29:in `update'
  [1m[35m (0.2ms)[0m  [1m[35mCOMMIT[0m
  ↳ app/controllers/songs_controller.rb:29:in `update'
Completed 200 OK in 28ms (Views: 0.3ms | ActiveRecord: 0.9ms | Allocations: 4608)


Started DELETE "/songs/6" for ::1 at 2020-11-16 08:38:19 -0800
Processing by SongsController#destroy as */*
  Parameters: {"name"=>"Welcome to New York", "artist"=>"Taylor Swift", "length"=>"3:30", "id"=>"6", "song"=>{"name"=>"Welcome to New York", "artist"=>"Taylor Swift", "length"=>"3:30"}}
  [1m[36mSong Load (0.3ms)[0m  [1m[34mSELECT "songs".* FROM "songs" WHERE "songs"."id" = $1 LIMIT $2[0m  [["id", 6], ["LIMIT", 1]]
  ↳ app/controllers/songs_controller.rb:44:in `set_song'
  [1m[35m (0.1ms)[0m  [1m[35mBEGIN[0m
  ↳ app/controllers/songs_controller.rb:38:in `destroy'
  [1m[36mSong Destroy (0.2ms)[0m  [1m[31mDELETE FROM "songs" WHERE "songs"."id" = $1[0m  [["id", 6]]
  ↳ app/controllers/songs_controller.rb:38:in `destroy'
  [1m[35m (0.2ms)[0m  [1m[35mCOMMIT[0m
  ↳ app/controllers/songs_controller.rb:38:in `destroy'
Completed 204 No Content in 5ms (ActiveRecord: 0.7ms | Allocations: 2449)


Started GET "/songs/6" for ::1 at 2020-11-16 08:38:22 -0800
Processing by SongsController#show as */*
  Parameters: {"name"=>"Welcome to New York", "artist"=>"Taylor Swift", "length"=>"3:30", "id"=>"6", "song"=>{"name"=>"Welcome to New York", "artist"=>"Taylor Swift", "length"=>"3:30"}}
  [1m[36mSong Load (0.3ms)[0m  [1m[34mSELECT "songs".* FROM "songs" WHERE "songs"."id" = $1 LIMIT $2[0m  [["id", 6], ["LIMIT", 1]]
  ↳ app/controllers/songs_controller.rb:44:in `set_song'
Completed 404 Not Found in 2ms (ActiveRecord: 0.3ms | Allocations: 639)


  
ActiveRecord::RecordNotFound (Couldn't find Song with 'id'=6):
  
app/controllers/songs_controller.rb:44:in `set_song'
Started GET "/songs/" for ::1 at 2020-11-16 08:38:24 -0800
Processing by SongsController#index as */*
  Parameters: {"name"=>"Welcome to New York", "artist"=>"Taylor Swift", "length"=>"3:30", "song"=>{"name"=>"Welcome to New York", "artist"=>"Taylor Swift", "length"=>"3:30"}}
  [1m[36mSong Load (0.2ms)[0m  [1m[34mSELECT "songs".* FROM "songs"[0m
  ↳ app/controllers/songs_controller.rb:8:in `index'
Completed 200 OK in 3ms (Views: 2.4ms | ActiveRecord: 0.2ms | Allocations: 1505)


